Crypto data pipeline | 2021-01-01 -> 2026-06-25 (UTC)

[ETHUSDT 15m] downloading...
    192,060 candles  2021-01-01 -> 2026-06-25  | missing candles: 70
[ETHUSDT 1h] downloading...
    47,993 candles  2021-01-02 -> 2026-06-25  | missing candles: 14
[ETHUSDT 4h] downloading...
    11,977 candles  2021-01-06 -> 2026-06-25  | missing candles: 0
[SOLUSDT 15m] downloading...
    network error (HTTPSConnectionPool(host='api.binance.com', port=443): Max retries exceeded with url: /api/v3/klines?symbol=SOLUSDT&interval=15m&startTime=1633816800001&limit=1000 (Caused by NameResolutionError("HTTPSConnection(host='api.binance.com', port=443): Failed to resolve 'api.binance.com' ([Errno 11002] getaddrinfo failed)"))), retry in 1s...
    network error (HTTPSConnectionPool(host='api.binance.com', port=443): Max retries exceeded with url: /api/v3/klines?symbol=SOLUSDT&interval=15m&startTime=1633816800001&limit=1000 (Caused by NameResolutionError("HTTPSConnection(host='api.binance.com', port=443): Failed to resolve 'api.binance.com' ([Errno 11002] getaddrinfo failed)"))), retry in 2s...
    network error (HTTPSConnectionPool(host='api.binance.com', port=443): Max retries exceeded with url: /api/v3/klines?symbol=SOLUSDT&interval=15m&startTime=1633816800001&limit=1000 (Caused by NameResolutionError("HTTPSConnection(host='api.binance.com', port=443): Failed to resolve 'api.binance.com' ([Errno 11002] getaddrinfo failed)"))), retry in 3s...
    192,060 candles  2021-01-01 -> 2026-06-25  | missing candles: 70
[SOLUSDT 1h] downloading...
    47,993 candles  2021-01-02 -> 2026-06-25  | missing candles: 14
[SOLUSDT 4h] downloading...
    11,977 candles  2021-01-06 -> 2026-06-25  | missing candles: 0
[XRPUSDT 15m] downloading...
    192,060 candles  2021-01-01 -> 2026-06-25  | missing candles: 70
[XRPUSDT 1h] downloading...
    47,994 candles  2021-01-02 -> 2026-06-25  | missing candles: 14
[XRPUSDT 4h] downloading...
    11,977 candles  2021-01-06 -> 2026-06-25  | missing candles: 0
[BNBUSDT 15m] downloading...
    192,061 candles  2021-01-01 -> 2026-06-25  | missing candles: 70
[BNBUSDT 1h] downloading...
    47,994 candles  2021-01-02 -> 2026-06-25  | missing candles: 14
[BNBUSDT 4h] downloading...
    11,977 candles  2021-01-06 -> 2026-06-25  | missing candles: 0
[DOGEUSDT 15m] downloading...
    192,061 candles  2021-01-01 -> 2026-06-25  | missing candles: 70
[DOGEUSDT 1h] downloading...
    47,994 candles  2021-01-02 -> 2026-06-25  | missing candles: 14
[DOGEUSDT 4h] downloading...
    11,977 candles  2021-01-06 -> 2026-06-25  | missing candles: 0

==============================================================================
SUMMARY REPORT
==============================================================================

[TRAIN]
  train\ETHUSDT_15m_train.csv        rows=105,017  2021-01-01 -> 2023-12-31 missing_vals=0   [OK]
  train\ETHUSDT_1h_train.csv         rows= 26,233  2021-01-02 -> 2023-12-31 missing_vals=0   [OK]
  train\ETHUSDT_4h_train.csv         rows=  6,537  2021-01-06 -> 2023-12-31 missing_vals=0   [OK]
  train\SOLUSDT_15m_train.csv        rows=105,017  2021-01-01 -> 2023-12-31 missing_vals=0   [OK]
  train\SOLUSDT_1h_train.csv         rows= 26,233  2021-01-02 -> 2023-12-31 missing_vals=0   [OK]
  train\SOLUSDT_4h_train.csv         rows=  6,537  2021-01-06 -> 2023-12-31 missing_vals=0   [OK]
  train\XRPUSDT_15m_train.csv        rows=105,017  2021-01-01 -> 2023-12-31 missing_vals=0   [OK]
  train\XRPUSDT_1h_train.csv         rows= 26,233  2021-01-02 -> 2023-12-31 missing_vals=0   [OK]
  train\XRPUSDT_4h_train.csv         rows=  6,537  2021-01-06 -> 2023-12-31 missing_vals=0   [OK]
  train\BNBUSDT_15m_train.csv        rows=105,017  2021-01-01 -> 2023-12-31 missing_vals=0   [OK]
  train\BNBUSDT_1h_train.csv         rows= 26,233  2021-01-02 -> 2023-12-31 missing_vals=0   [OK]
  train\BNBUSDT_4h_train.csv         rows=  6,537  2021-01-06 -> 2023-12-31 missing_vals=0   [OK]
  train\DOGEUSDT_15m_train.csv       rows=105,017  2021-01-01 -> 2023-12-31 missing_vals=0   [OK]
  train\DOGEUSDT_1h_train.csv        rows= 26,233  2021-01-02 -> 2023-12-31 missing_vals=0   [OK]
  train\DOGEUSDT_4h_train.csv        rows=  6,537  2021-01-06 -> 2023-12-31 missing_vals=0   [OK]

[VALIDATE]
  validate\ETHUSDT_15m_validate.csv  rows= 35,136  2024-01-01 -> 2024-12-31 missing_vals=0   [OK]
  validate\ETHUSDT_1h_validate.csv   rows=  8,784  2024-01-01 -> 2024-12-31 missing_vals=0   [OK]
  validate\ETHUSDT_4h_validate.csv   rows=  2,196  2024-01-01 -> 2024-12-31 missing_vals=0   [OK]
  validate\SOLUSDT_15m_validate.csv  rows= 35,136  2024-01-01 -> 2024-12-31 missing_vals=0   [OK]
  validate\SOLUSDT_1h_validate.csv   rows=  8,784  2024-01-01 -> 2024-12-31 missing_vals=0   [OK]
  validate\SOLUSDT_4h_validate.csv   rows=  2,196  2024-01-01 -> 2024-12-31 missing_vals=0   [OK]
  validate\XRPUSDT_15m_validate.csv  rows= 35,136  2024-01-01 -> 2024-12-31 missing_vals=0   [OK]
  validate\XRPUSDT_1h_validate.csv   rows=  8,784  2024-01-01 -> 2024-12-31 missing_vals=0   [OK]
  validate\XRPUSDT_4h_validate.csv   rows=  2,196  2024-01-01 -> 2024-12-31 missing_vals=0   [OK]
  validate\BNBUSDT_15m_validate.csv  rows= 35,136  2024-01-01 -> 2024-12-31 missing_vals=0   [OK]
  validate\BNBUSDT_1h_validate.csv   rows=  8,784  2024-01-01 -> 2024-12-31 missing_vals=0   [OK]
  validate\BNBUSDT_4h_validate.csv   rows=  2,196  2024-01-01 -> 2024-12-31 missing_vals=0   [OK]
  validate\DOGEUSDT_15m_validate.csv rows= 35,136  2024-01-01 -> 2024-12-31 missing_vals=0   [OK]
  validate\DOGEUSDT_1h_validate.csv  rows=  8,784  2024-01-01 -> 2024-12-31 missing_vals=0   [OK]
  validate\DOGEUSDT_4h_validate.csv  rows=  2,196  2024-01-01 -> 2024-12-31 missing_vals=0   [OK]

[TEST]
  test\ETHUSDT_15m_test.csv          rows= 51,907  2025-01-01 -> 2026-06-25 missing_vals=0   [OK]
  test\ETHUSDT_1h_test.csv           rows= 12,976  2025-01-01 -> 2026-06-25 missing_vals=0   [OK]
  test\ETHUSDT_4h_test.csv           rows=  3,244  2025-01-01 -> 2026-06-25 missing_vals=0   [OK]
  test\SOLUSDT_15m_test.csv          rows= 51,907  2025-01-01 -> 2026-06-25 missing_vals=0   [OK]
  test\SOLUSDT_1h_test.csv           rows= 12,976  2025-01-01 -> 2026-06-25 missing_vals=0   [OK]
  test\SOLUSDT_4h_test.csv           rows=  3,244  2025-01-01 -> 2026-06-25 missing_vals=0   [OK]
  test\XRPUSDT_15m_test.csv          rows= 51,907  2025-01-01 -> 2026-06-25 missing_vals=0   [OK]
  test\XRPUSDT_1h_test.csv           rows= 12,977  2025-01-01 -> 2026-06-25 missing_vals=0   [OK]
  test\XRPUSDT_4h_test.csv           rows=  3,244  2025-01-01 -> 2026-06-25 missing_vals=0   [OK]
  test\BNBUSDT_15m_test.csv          rows= 51,908  2025-01-01 -> 2026-06-25 missing_vals=0   [OK]
  test\BNBUSDT_1h_test.csv           rows= 12,977  2025-01-01 -> 2026-06-25 missing_vals=0   [OK]
  test\BNBUSDT_4h_test.csv           rows=  3,244  2025-01-01 -> 2026-06-25 missing_vals=0   [OK]
  test\DOGEUSDT_15m_test.csv         rows= 51,908  2025-01-01 -> 2026-06-25 missing_vals=0   [OK]
  test\DOGEUSDT_1h_test.csv          rows= 12,977  2025-01-01 -> 2026-06-25 missing_vals=0   [OK]
  test\DOGEUSDT_4h_test.csv          rows=  3,244  2025-01-01 -> 2026-06-25 missing_vals=0   [OK]

------------------------------------------------------------------------------
LEAKAGE GATE — zero overlap between splits
------------------------------------------------------------------------------
  All coin/timeframe splits are disjoint and correctly ordered.

==============================================================================
Wrote 45 files | validation failures: 0 | leakage: CLEAN
==============================================================================
